 ·--------------------------------|---------------------------|----------------·
 |  Solc version: 0.8.19          ·  Optimizer enabled: true  ·  Runs: 20      │
 ·································|···························|·················
 |  Contract Name                 ·  Size (KiB)               ·  Change (KiB)  │
 ·································|···························|·················
 |  Address                       ·                    0.084  ·         0.000  │
 ·································|···························|·················
 |  Address                       ·                    0.084  ·         0.000  │
 ·································|···························|·················
 |  Address                       ·                    0.084  ·         0.000  │
 ·································|···························|·················
 |  Address                       ·                    0.084  ·         0.000  │
 ·································|···························|·················
 |  AddressUpgradeable            ·                    0.084  ·         0.000  │
 ·································|···························|·················
 |  AirdropHandler                ·                    7.204  ·        -0.087  │
 ·································|···························|·················
 |  Arrays                        ·                    0.084  ·         0.000  │
 ·································|···························|·················
 |  Base64                        ·                    0.084  ·         0.000  │
 ·································|···························|·················
 |  BeefyVaultV6                  ·                    7.696  ·        -0.099  │
 ·································|···························|·················
 |  BytesLib                      ·                    0.084  ·         0.000  │
 ·································|···························|·················
 |  console                       ·                    0.084  ·         0.000  │
 ·································|···························|·················
 |  Counters                      ·                    0.084  ·         0.000  │
 ·································|···························|·················
 |  Counters                      ·                    0.084  ·         0.000  │
 ·································|···························|·················
 |  ERC1967Proxy                  ·                    0.173  ·         0.000  │
 ·································|···························|·················
 |  ERC20                         ·                    2.064  ·        -0.016  │
 ·································|···························|·················
 |  ERC20                         ·                    2.238  ·        -0.018  │
 ·································|···························|·················
 |  ERC20                         ·                    2.105  ·        -0.016  │
 ·································|···························|·················
 |  ERC721                        ·                    4.176  ·        -0.062  │
 ·································|···························|·················
 |  ERC721                        ·                    4.457  ·        -0.055  │
 ·································|···························|·················
 |  ERC721Upgradeable             ·                    4.176  ·        -0.062  │
 ·································|···························|·················
 |  ExcessivelySafeCall           ·                    0.084  ·         0.000  │
 ·································|···························|·················
 |  externalRegistry              ·                    3.730  ·        +0.005  │
 ·································|···························|·················
 |  FantomsArtNameSystem          ·                   13.134  ·        -0.177  │
 ·································|···························|·················
 |  Follower                      ·                    3.378  ·        -0.006  │
 ·································|···························|·················
 |  GasFeeThrottler               ·                    0.184  ·         0.000  │
 ·································|···························|·················
 |  Math                          ·                    0.084  ·         0.000  │
 ·································|···························|·················
 |  MathUpgradeable               ·                    0.084  ·         0.000  │
 ·································|···························|·················
 |  MerkleProof                   ·                    0.084  ·         0.000  │
 ·································|···························|·················
 |  Migrations                    ·                    0.359  ·         0.000  │
 ·································|···························|·················
 |  MockERC20                     ·                    2.064  ·        -0.016  │
 ·································|···························|·················
 |  NFTMarketplace                ·                    7.838  ·        -0.066  │
 ·································|···························|·················
 |  NumberUtils                   ·                    0.084  ·         0.000  │
 ·································|···························|·················
 |  OmniRaveStorage               ·                   19.585  ·        -0.191  │
 ·································|···························|·················
 |  Poster                        ·                    0.062  ·         0.000  │
 ·································|···························|·················
 |  ProxyAdmin                    ·                    1.652  ·        +0.009  │
 ·································|···························|·················
 |  Rave                          ·                   14.377  ·        -0.243  │
 ·································|···························|·················
 |  RAVE                          ·                    6.239  ·        -0.122  │
 ·································|···························|·················
 |  RaveAdmin                     ·                    1.652  ·        +0.009  │
 ·································|···························|·················
 |  RaveCONK                      ·                   15.465  ·        -0.300  │
 ·································|···························|·················
 |  RaveErrors                    ·                    0.062  ·         0.000  │
 ·································|···························|·················
 |  RaveErrors                    ·                    0.062  ·         0.000  │
 ·································|···························|·················
 |  RaveErrors                    ·                    0.062  ·         0.000  │
 ·································|···························|·················
 |  RaveErrors                    ·                    0.062  ·         0.000  │
 ·································|···························|·················
 |  RaveLPLock                    ·                   14.357  ·        -0.263  │
 ·································|···························|·················
 |  RaveLZTransmitter             ·                   12.114  ·        -0.087  │
 ·································|···························|·················
 |  RaveMultichainHandler         ·                   12.942  ·        -0.075  │
 ·································|···························|·················
 |  RavePriceFeed                 ·                    1.113  ·        +0.024  │
 ·································|···························|·················
 |  RavePriceFeed                 ·                    1.394  ·        +0.021  │
 ·································|···························|·················
 |  RaveProxy                     ·                    2.043  ·        +0.011  │
 ·································|···························|·················
 |  RaveTombheads                 ·                   14.374  ·        -0.263  │
 ·································|···························|·················
 |  RaveURIGenerator              ·                    4.428  ·        +0.015  │
 ·································|···························|·················
 |  RaveURIGeneratorV2            ·                    5.089  ·        +0.012  │
 ·································|···························|·················
 |  RaveV3BasicMultichainOracle   ·                    2.972  ·        -0.013  │
 ·································|···························|·················
 |  RaveV3BasicRegistry           ·                   14.382  ·        -0.205  │
 ·································|···························|·················
 |  SafeERC20                     ·                    0.084  ·         0.000  │
 ·································|···························|·················
 |  SafeERC20                     ·                    0.084  ·         0.000  │
 ·································|···························|·················
 |  SafeMath                      ·                    0.084  ·         0.000  │
 ·································|···························|·················
 |  SignatureVerifier             ·                    0.714  ·        -0.003  │
 ·································|···························|·················
 |  Splitter                      ·                    0.456  ·         0.000  │
 ·································|···························|·················
 |  StorageSlot                   ·                    0.084  ·         0.000  │
 ·································|···························|·················
 |  StorageSlotUpgradeable        ·                    0.084  ·         0.000  │
 ·································|···························|·················
 |  StrategyCommonSolidlyGaugeLP  ·                   13.720  ·        -0.047  │
 ·································|···························|·················
 |  StratFeeManager               ·                    3.252  ·        -0.043  │
 ·································|···························|·················
 |  StringManipulation            ·                    0.084  ·         0.000  │
 ·································|···························|·················
 |  Strings                       ·                    0.084  ·         0.000  │
 ·································|···························|·················
 |  Strings                       ·                    0.084  ·         0.000  │
 ·································|···························|·················
 |  Strings                       ·                    0.084  ·         0.000  │
 ·································|···························|·················
 |  Strings                       ·                    0.084  ·         0.000  │
 ·································|···························|·················
 |  strings                       ·                    0.084  ·         0.000  │
 ·································|···························|·················
 |  Strings2                      ·                    0.084  ·         0.000  │
 ·································|···························|·················
 |  StringsAgain                  ·                    0.084  ·         0.000  │
 ·································|···························|·················
 |  StringsUpgradeable            ·                    0.084  ·         0.000  │
 ·································|···························|·················
 |  StringUtils                   ·                    0.084  ·         0.000  │
 ·································|···························|·················
 |  StringUtils                   ·                    0.084  ·         0.000  │
 ·································|···························|·················
 |  TransparentUpgradeableProxy   ·                    2.043  ·        +0.011  │
 ·--------------------------------|---------------------------|----------------·
